---------------------------------------------------------------
[ 2019-04-09T15:37:32+08:00 ] 127.0.0.1 GET 127.0.0.1/ss_calendar/public/index.php/admin/admin/add.html
[运行时间：0.323854s] [吞吐率：3.09req/s] [内存消耗：1,653.67kb] [文件加载：42]
[ info ] [ LANG ] C:\phpstudy\WWW\ss_calendar\thinkphp\lang\zh-cn.php
[ info ] [ ROUTE ] array (
  'type' => 'module',
  'module' => 
  array (
    0 => 'admin',
    1 => 'admin',
    2 => 'add',
  ),
)
[ info ] [ HEADER ] array (
  'host' => '127.0.0.1',
  'connection' => 'keep-alive',
  'cache-control' => 'max-age=0',
  'upgrade-insecure-requests' => '1',
  'user-agent' => 'Mozilla/5.0 (Windows NT 10.0; Win64; x64) AppleWebKit/537.36 (KHTML, like Gecko) Chrome/73.0.3683.86 Safari/537.36',
  'accept' => 'text/html,application/xhtml+xml,application/xml;q=0.9,image/webp,image/apng,*/*;q=0.8,application/signed-exchange;v=b3',
  'referer' => 'http://127.0.0.1/ss_calendar/public/index.php/admin/admin/lst',
  'accept-encoding' => 'gzip, deflate, br',
  'accept-language' => 'en-US,en;q=0.9,zh-TW;q=0.8,zh;q=0.7',
  'cookie' => 'thinkphp_show_page_trace=0|0; thinkphp_show_page_trace=0|0; PHPSESSID=7e5rct4uu2qufoopsn0gk8cda1',
)
[ info ] [ PARAM ] array (
)
[ info ] [ RUN ] app\admin\controller\Admin->add[ C:\phpstudy\WWW\ss_calendar\application\admin\controller\Admin.php ]
[ info ] [ VIEW ] C:\phpstudy\WWW\ss_calendar\public/../application/admin\view\admin\add.html [ array (
) ]
[ info ] [ LOG ] INIT File
---------------------------------------------------------------
[ 2019-04-09T16:04:48+08:00 ] 127.0.0.1 GET 127.0.0.1/ss_calendar/public/index.php/admin/admin/add.html
[运行时间：0.837757s] [吞吐率：1.19req/s] [内存消耗：1,198.36kb] [文件加载：35]
[ info ] [ LANG ] C:\phpstudy\WWW\ss_calendar\thinkphp\lang\zh-cn.php
[ info ] [ ROUTE ] array (
  'type' => 'module',
  'module' => 
  array (
    0 => 'admin',
    1 => 'admin',
    2 => 'add',
  ),
)
[ info ] [ HEADER ] array (
  'host' => '127.0.0.1',
  'connection' => 'keep-alive',
  'cache-control' => 'max-age=0',
  'upgrade-insecure-requests' => '1',
  'user-agent' => 'Mozilla/5.0 (Windows NT 10.0; Win64; x64) AppleWebKit/537.36 (KHTML, like Gecko) Chrome/73.0.3683.86 Safari/537.36',
  'accept' => 'text/html,application/xhtml+xml,application/xml;q=0.9,image/webp,image/apng,*/*;q=0.8,application/signed-exchange;v=b3',
  'referer' => 'http://127.0.0.1/ss_calendar/public/index.php/admin/admin/lst',
  'accept-encoding' => 'gzip, deflate, br',
  'accept-language' => 'en-US,en;q=0.9,zh-TW;q=0.8,zh;q=0.7',
  'cookie' => 'thinkphp_show_page_trace=0|0; thinkphp_show_page_trace=0|0; PHPSESSID=7e5rct4uu2qufoopsn0gk8cda1',
)
[ info ] [ PARAM ] array (
)
[ info ] [ LOG ] INIT File
[ error ] [4]语法错误: unexpected 'class' (T_CLASS), expecting identifier (T_STRING)[C:\phpstudy\WWW\ss_calendar\application\admin\controller\Admin.php:7]
---------------------------------------------------------------
[ 2019-04-09T16:06:03+08:00 ] 127.0.0.1 GET 127.0.0.1/ss_calendar/public/index.php/admin/admin/add.html
[运行时间：0.057393s] [吞吐率：17.42req/s] [内存消耗：1,198.46kb] [文件加载：35]
[ info ] [ LANG ] C:\phpstudy\WWW\ss_calendar\thinkphp\lang\zh-cn.php
[ info ] [ ROUTE ] array (
  'type' => 'module',
  'module' => 
  array (
    0 => 'admin',
    1 => 'admin',
    2 => 'add',
  ),
)
[ info ] [ HEADER ] array (
  'host' => '127.0.0.1',
  'connection' => 'keep-alive',
  'cache-control' => 'max-age=0',
  'upgrade-insecure-requests' => '1',
  'user-agent' => 'Mozilla/5.0 (Windows NT 10.0; Win64; x64) AppleWebKit/537.36 (KHTML, like Gecko) Chrome/73.0.3683.86 Safari/537.36',
  'accept' => 'text/html,application/xhtml+xml,application/xml;q=0.9,image/webp,image/apng,*/*;q=0.8,application/signed-exchange;v=b3',
  'referer' => 'http://127.0.0.1/ss_calendar/public/index.php/admin/admin/lst',
  'accept-encoding' => 'gzip, deflate, br',
  'accept-language' => 'en-US,en;q=0.9,zh-TW;q=0.8,zh;q=0.7',
  'cookie' => 'thinkphp_show_page_trace=0|0; thinkphp_show_page_trace=0|0; PHPSESSID=7e5rct4uu2qufoopsn0gk8cda1',
)
[ info ] [ PARAM ] array (
)
[ info ] [ LOG ] INIT File
[ error ] [4]语法错误: unexpected 'use' (T_USE), expecting identifier (T_STRING)[C:\phpstudy\WWW\ss_calendar\application\admin\controller\Admin.php:5]
---------------------------------------------------------------
[ 2019-04-09T16:08:05+08:00 ] 127.0.0.1 GET 127.0.0.1/ss_calendar/public/index.php/admin/admin/add.html
[运行时间：0.088876s] [吞吐率：11.25req/s] [内存消耗：1,198.37kb] [文件加载：35]
[ info ] [ LANG ] C:\phpstudy\WWW\ss_calendar\thinkphp\lang\zh-cn.php
[ info ] [ ROUTE ] array (
  'type' => 'module',
  'module' => 
  array (
    0 => 'admin',
    1 => 'admin',
    2 => 'add',
  ),
)
[ info ] [ HEADER ] array (
  'host' => '127.0.0.1',
  'connection' => 'keep-alive',
  'cache-control' => 'max-age=0',
  'upgrade-insecure-requests' => '1',
  'user-agent' => 'Mozilla/5.0 (Windows NT 10.0; Win64; x64) AppleWebKit/537.36 (KHTML, like Gecko) Chrome/73.0.3683.86 Safari/537.36',
  'accept' => 'text/html,application/xhtml+xml,application/xml;q=0.9,image/webp,image/apng,*/*;q=0.8,application/signed-exchange;v=b3',
  'referer' => 'http://127.0.0.1/ss_calendar/public/index.php/admin/admin/lst',
  'accept-encoding' => 'gzip, deflate, br',
  'accept-language' => 'en-US,en;q=0.9,zh-TW;q=0.8,zh;q=0.7',
  'cookie' => 'thinkphp_show_page_trace=0|0; thinkphp_show_page_trace=0|0; PHPSESSID=7e5rct4uu2qufoopsn0gk8cda1',
)
[ info ] [ PARAM ] array (
)
[ info ] [ LOG ] INIT File
[ error ] [4]语法错误: unexpected 'class' (T_CLASS), expecting identifier (T_STRING)[C:\phpstudy\WWW\ss_calendar\application\admin\controller\Admin.php:7]
---------------------------------------------------------------
[ 2019-04-09T16:08:47+08:00 ] 127.0.0.1 GET 127.0.0.1/ss_calendar/public/index.php/admin/admin/add.html
[运行时间：0.054018s] [吞吐率：18.51req/s] [内存消耗：1,198.37kb] [文件加载：35]
[ info ] [ LANG ] C:\phpstudy\WWW\ss_calendar\thinkphp\lang\zh-cn.php
[ info ] [ ROUTE ] array (
  'type' => 'module',
  'module' => 
  array (
    0 => 'admin',
    1 => 'admin',
    2 => 'add',
  ),
)
[ info ] [ HEADER ] array (
  'host' => '127.0.0.1',
  'connection' => 'keep-alive',
  'cache-control' => 'max-age=0',
  'upgrade-insecure-requests' => '1',
  'user-agent' => 'Mozilla/5.0 (Windows NT 10.0; Win64; x64) AppleWebKit/537.36 (KHTML, like Gecko) Chrome/73.0.3683.86 Safari/537.36',
  'accept' => 'text/html,application/xhtml+xml,application/xml;q=0.9,image/webp,image/apng,*/*;q=0.8,application/signed-exchange;v=b3',
  'referer' => 'http://127.0.0.1/ss_calendar/public/index.php/admin/admin/lst',
  'accept-encoding' => 'gzip, deflate, br',
  'accept-language' => 'en-US,en;q=0.9,zh-TW;q=0.8,zh;q=0.7',
  'cookie' => 'thinkphp_show_page_trace=0|0; thinkphp_show_page_trace=0|0; PHPSESSID=7e5rct4uu2qufoopsn0gk8cda1',
)
[ info ] [ PARAM ] array (
)
[ info ] [ LOG ] INIT File
[ error ] [4]语法错误: unexpected ';', expecting identifier (T_STRING)[C:\phpstudy\WWW\ss_calendar\application\admin\controller\Admin.php:4]
---------------------------------------------------------------
[ 2019-04-09T16:09:15+08:00 ] 127.0.0.1 GET 127.0.0.1/ss_calendar/public/index.php/admin/admin/add.html
[运行时间：0.061944s] [吞吐率：16.14req/s] [内存消耗：1,202.49kb] [文件加载：35]
[ info ] [ LANG ] C:\phpstudy\WWW\ss_calendar\thinkphp\lang\zh-cn.php
[ info ] [ ROUTE ] array (
  'type' => 'module',
  'module' => 
  array (
    0 => 'admin',
    1 => 'admin',
    2 => 'add',
  ),
)
[ info ] [ HEADER ] array (
  'host' => '127.0.0.1',
  'connection' => 'keep-alive',
  'cache-control' => 'max-age=0',
  'upgrade-insecure-requests' => '1',
  'user-agent' => 'Mozilla/5.0 (Windows NT 10.0; Win64; x64) AppleWebKit/537.36 (KHTML, like Gecko) Chrome/73.0.3683.86 Safari/537.36',
  'accept' => 'text/html,application/xhtml+xml,application/xml;q=0.9,image/webp,image/apng,*/*;q=0.8,application/signed-exchange;v=b3',
  'referer' => 'http://127.0.0.1/ss_calendar/public/index.php/admin/admin/lst',
  'accept-encoding' => 'gzip, deflate, br',
  'accept-language' => 'en-US,en;q=0.9,zh-TW;q=0.8,zh;q=0.7',
  'cookie' => 'thinkphp_show_page_trace=0|0; thinkphp_show_page_trace=0|0; PHPSESSID=7e5rct4uu2qufoopsn0gk8cda1',
)
[ info ] [ PARAM ] array (
)
[ info ] [ LOG ] INIT File
[ error ] [4]语法错误: unexpected '->' (T_OBJECT_OPERATOR)[C:\phpstudy\WWW\ss_calendar\application\admin\controller\Admin.php:16]
---------------------------------------------------------------
[ 2019-04-09T16:09:48+08:00 ] 127.0.0.1 GET 127.0.0.1/ss_calendar/public/index.php/admin/admin/add.html
[运行时间：0.139777s] [吞吐率：7.15req/s] [内存消耗：1,658.15kb] [文件加载：42]
[ info ] [ LANG ] C:\phpstudy\WWW\ss_calendar\thinkphp\lang\zh-cn.php
[ info ] [ ROUTE ] array (
  'type' => 'module',
  'module' => 
  array (
    0 => 'admin',
    1 => 'admin',
    2 => 'add',
  ),
)
[ info ] [ HEADER ] array (
  'host' => '127.0.0.1',
  'connection' => 'keep-alive',
  'cache-control' => 'max-age=0',
  'upgrade-insecure-requests' => '1',
  'user-agent' => 'Mozilla/5.0 (Windows NT 10.0; Win64; x64) AppleWebKit/537.36 (KHTML, like Gecko) Chrome/73.0.3683.86 Safari/537.36',
  'accept' => 'text/html,application/xhtml+xml,application/xml;q=0.9,image/webp,image/apng,*/*;q=0.8,application/signed-exchange;v=b3',
  'referer' => 'http://127.0.0.1/ss_calendar/public/index.php/admin/admin/lst',
  'accept-encoding' => 'gzip, deflate, br',
  'accept-language' => 'en-US,en;q=0.9,zh-TW;q=0.8,zh;q=0.7',
  'cookie' => 'thinkphp_show_page_trace=0|0; thinkphp_show_page_trace=0|0; PHPSESSID=7e5rct4uu2qufoopsn0gk8cda1',
)
[ info ] [ PARAM ] array (
)
[ info ] [ RUN ] app\admin\controller\Admin->add[ C:\phpstudy\WWW\ss_calendar\application\admin\controller\Admin.php ]
[ info ] [ VIEW ] C:\phpstudy\WWW\ss_calendar\public/../application/admin\view\admin\add.html [ array (
) ]
[ info ] [ LOG ] INIT File
---------------------------------------------------------------
[ 2019-04-09T16:10:12+08:00 ] 127.0.0.1 POST 127.0.0.1/ss_calendar/public/index.php/admin/admin/add.html
[运行时间：0.084448s] [吞吐率：11.84req/s] [内存消耗：1,472.40kb] [文件加载：42]
[ info ] [ LANG ] C:\phpstudy\WWW\ss_calendar\thinkphp\lang\zh-cn.php
[ info ] [ ROUTE ] array (
  'type' => 'module',
  'module' => 
  array (
    0 => 'admin',
    1 => 'admin',
    2 => 'add',
  ),
)
[ info ] [ HEADER ] array (
  'host' => '127.0.0.1',
  'connection' => 'keep-alive',
  'content-length' => '361',
  'cache-control' => 'max-age=0',
  'origin' => 'http://127.0.0.1',
  'upgrade-insecure-requests' => '1',
  'content-type' => 'multipart/form-data; boundary=----WebKitFormBoundaryxqVThXn3H5RhHbby',
  'user-agent' => 'Mozilla/5.0 (Windows NT 10.0; Win64; x64) AppleWebKit/537.36 (KHTML, like Gecko) Chrome/73.0.3683.86 Safari/537.36',
  'accept' => 'text/html,application/xhtml+xml,application/xml;q=0.9,image/webp,image/apng,*/*;q=0.8,application/signed-exchange;v=b3',
  'referer' => 'http://127.0.0.1/ss_calendar/public/index.php/admin/admin/add.html',
  'accept-encoding' => 'gzip, deflate, br',
  'accept-language' => 'en-US,en;q=0.9,zh-TW;q=0.8,zh;q=0.7',
  'cookie' => 'thinkphp_show_page_trace=0|0; thinkphp_show_page_trace=0|0; PHPSESSID=7e5rct4uu2qufoopsn0gk8cda1',
)
[ info ] [ PARAM ] array (
  'admin_name' => 'will',
  'admin_phone' => '19801253072',
  'admin_password' => '123456',
)
[ info ] [ RUN ] app\admin\controller\Admin->add[ C:\phpstudy\WWW\ss_calendar\application\admin\controller\Admin.php ]
[ info ] [ LOG ] INIT File
[ error ] [8]Use of undefined constant Admin - assumed 'Admin'[C:\phpstudy\WWW\ss_calendar\application\admin\controller\Admin.php:23]
---------------------------------------------------------------
[ 2019-04-09T16:10:33+08:00 ] 127.0.0.1 POST 127.0.0.1/ss_calendar/public/index.php/admin/admin/add.html
[运行时间：0.198575s] [吞吐率：5.04req/s] [内存消耗：2,411.55kb] [文件加载：51]
[ info ] [ LANG ] C:\phpstudy\WWW\ss_calendar\thinkphp\lang\zh-cn.php
[ info ] [ ROUTE ] array (
  'type' => 'module',
  'module' => 
  array (
    0 => 'admin',
    1 => 'admin',
    2 => 'add',
  ),
)
[ info ] [ HEADER ] array (
  'host' => '127.0.0.1',
  'connection' => 'keep-alive',
  'content-length' => '361',
  'cache-control' => 'max-age=0',
  'origin' => 'http://127.0.0.1',
  'upgrade-insecure-requests' => '1',
  'content-type' => 'multipart/form-data; boundary=----WebKitFormBoundaryepp5AWBqQWPtBCbZ',
  'user-agent' => 'Mozilla/5.0 (Windows NT 10.0; Win64; x64) AppleWebKit/537.36 (KHTML, like Gecko) Chrome/73.0.3683.86 Safari/537.36',
  'accept' => 'text/html,application/xhtml+xml,application/xml;q=0.9,image/webp,image/apng,*/*;q=0.8,application/signed-exchange;v=b3',
  'referer' => 'http://127.0.0.1/ss_calendar/public/index.php/admin/admin/add.html',
  'accept-encoding' => 'gzip, deflate, br',
  'accept-language' => 'en-US,en;q=0.9,zh-TW;q=0.8,zh;q=0.7',
  'cookie' => 'thinkphp_show_page_trace=0|0; thinkphp_show_page_trace=0|0; PHPSESSID=7e5rct4uu2qufoopsn0gk8cda1',
)
[ info ] [ PARAM ] array (
  'admin_name' => 'will',
  'admin_phone' => '19801253072',
  'admin_password' => '123456',
)
[ info ] [ RUN ] app\admin\controller\Admin->add[ C:\phpstudy\WWW\ss_calendar\application\admin\controller\Admin.php ]
[ info ] [ DB ] INIT mysql
[ info ] [ LOG ] INIT File
[ sql ] [ DB ] CONNECT:[ UseTime:0.043872s ] mysql:host=127.0.0.1;dbname=daily_manage;charset=utf8
[ error ] [10501]SQLSTATE[42S02]: Base table or view not found: 1146 Table 'daily_manage.admin' doesn't exist[C:\phpstudy\WWW\ss_calendar\thinkphp\library\think\db\Connection.php:385]
---------------------------------------------------------------
[ 2019-04-09T16:12:53+08:00 ] 127.0.0.1 POST 127.0.0.1/ss_calendar/public/index.php/admin/admin/add.html
[运行时间：0.191904s] [吞吐率：5.21req/s] [内存消耗：2,411.55kb] [文件加载：51]
[ info ] [ LANG ] C:\phpstudy\WWW\ss_calendar\thinkphp\lang\zh-cn.php
[ info ] [ ROUTE ] array (
  'type' => 'module',
  'module' => 
  array (
    0 => 'admin',
    1 => 'admin',
    2 => 'add',
  ),
)
[ info ] [ HEADER ] array (
  'host' => '127.0.0.1',
  'connection' => 'keep-alive',
  'content-length' => '361',
  'cache-control' => 'max-age=0',
  'origin' => 'http://127.0.0.1',
  'upgrade-insecure-requests' => '1',
  'content-type' => 'multipart/form-data; boundary=----WebKitFormBoundaryUx4Ox573GGJOnuBt',
  'user-agent' => 'Mozilla/5.0 (Windows NT 10.0; Win64; x64) AppleWebKit/537.36 (KHTML, like Gecko) Chrome/73.0.3683.86 Safari/537.36',
  'accept' => 'text/html,application/xhtml+xml,application/xml;q=0.9,image/webp,image/apng,*/*;q=0.8,application/signed-exchange;v=b3',
  'referer' => 'http://127.0.0.1/ss_calendar/public/index.php/admin/admin/add.html',
  'accept-encoding' => 'gzip, deflate, br',
  'accept-language' => 'en-US,en;q=0.9,zh-TW;q=0.8,zh;q=0.7',
  'cookie' => 'thinkphp_show_page_trace=0|0; thinkphp_show_page_trace=0|0; PHPSESSID=7e5rct4uu2qufoopsn0gk8cda1',
)
[ info ] [ PARAM ] array (
  'admin_name' => 'will',
  'admin_phone' => '19801253072',
  'admin_password' => '123456',
)
[ info ] [ RUN ] app\admin\controller\Admin->add[ C:\phpstudy\WWW\ss_calendar\application\admin\controller\Admin.php ]
[ info ] [ DB ] INIT mysql
[ info ] [ LOG ] INIT File
[ sql ] [ DB ] CONNECT:[ UseTime:0.005008s ] mysql:host=127.0.0.1;dbname=daily_manage;charset=utf8
[ error ] [10501]SQLSTATE[42S02]: Base table or view not found: 1146 Table 'daily_manage.admin' doesn't exist[C:\phpstudy\WWW\ss_calendar\thinkphp\library\think\db\Connection.php:385]
---------------------------------------------------------------
[ 2019-04-09T16:13:13+08:00 ] 127.0.0.1 POST 127.0.0.1/ss_calendar/public/index.php/admin/admin/add.html
[运行时间：0.105618s] [吞吐率：9.47req/s] [内存消耗：1,464.24kb] [文件加载：41]
[ info ] [ LANG ] C:\phpstudy\WWW\ss_calendar\thinkphp\lang\zh-cn.php
[ info ] [ ROUTE ] array (
  'type' => 'module',
  'module' => 
  array (
    0 => 'admin',
    1 => 'admin',
    2 => 'add',
  ),
)
[ info ] [ HEADER ] array (
  'host' => '127.0.0.1',
  'connection' => 'keep-alive',
  'content-length' => '361',
  'cache-control' => 'max-age=0',
  'origin' => 'http://127.0.0.1',
  'upgrade-insecure-requests' => '1',
  'content-type' => 'multipart/form-data; boundary=----WebKitFormBoundarykB0wWeUittzPwevV',
  'user-agent' => 'Mozilla/5.0 (Windows NT 10.0; Win64; x64) AppleWebKit/537.36 (KHTML, like Gecko) Chrome/73.0.3683.86 Safari/537.36',
  'accept' => 'text/html,application/xhtml+xml,application/xml;q=0.9,image/webp,image/apng,*/*;q=0.8,application/signed-exchange;v=b3',
  'referer' => 'http://127.0.0.1/ss_calendar/public/index.php/admin/admin/add.html',
  'accept-encoding' => 'gzip, deflate, br',
  'accept-language' => 'en-US,en;q=0.9,zh-TW;q=0.8,zh;q=0.7',
  'cookie' => 'thinkphp_show_page_trace=0|0; thinkphp_show_page_trace=0|0; PHPSESSID=7e5rct4uu2qufoopsn0gk8cda1',
)
[ info ] [ PARAM ] array (
  'admin_name' => 'will',
  'admin_phone' => '19801253072',
  'admin_password' => '123456',
)
[ info ] [ RUN ] app\admin\controller\Admin->add[ C:\phpstudy\WWW\ss_calendar\application\admin\controller\Admin.php ]
[ info ] [ LOG ] INIT File
[ error ] [0]类不存在:app\common\validate\ManageInfo[C:\phpstudy\WWW\ss_calendar\thinkphp\library\think\Loader.php:526]
---------------------------------------------------------------
[ 2019-04-09T16:13:51+08:00 ] 127.0.0.1 POST 127.0.0.1/ss_calendar/public/index.php/admin/admin/add.html
[运行时间：0.347133s] [吞吐率：2.88req/s] [内存消耗：2,411.55kb] [文件加载：51]
[ info ] [ LANG ] C:\phpstudy\WWW\ss_calendar\thinkphp\lang\zh-cn.php
[ info ] [ ROUTE ] array (
  'type' => 'module',
  'module' => 
  array (
    0 => 'admin',
    1 => 'admin',
    2 => 'add',
  ),
)
[ info ] [ HEADER ] array (
  'host' => '127.0.0.1',
  'connection' => 'keep-alive',
  'content-length' => '361',
  'cache-control' => 'max-age=0',
  'origin' => 'http://127.0.0.1',
  'upgrade-insecure-requests' => '1',
  'content-type' => 'multipart/form-data; boundary=----WebKitFormBoundarymgngUeABAJzw0svx',
  'user-agent' => 'Mozilla/5.0 (Windows NT 10.0; Win64; x64) AppleWebKit/537.36 (KHTML, like Gecko) Chrome/73.0.3683.86 Safari/537.36',
  'accept' => 'text/html,application/xhtml+xml,application/xml;q=0.9,image/webp,image/apng,*/*;q=0.8,application/signed-exchange;v=b3',
  'referer' => 'http://127.0.0.1/ss_calendar/public/index.php/admin/admin/add.html',
  'accept-encoding' => 'gzip, deflate, br',
  'accept-language' => 'en-US,en;q=0.9,zh-TW;q=0.8,zh;q=0.7',
  'cookie' => 'thinkphp_show_page_trace=0|0; thinkphp_show_page_trace=0|0; PHPSESSID=7e5rct4uu2qufoopsn0gk8cda1',
)
[ info ] [ PARAM ] array (
  'admin_name' => 'will',
  'admin_phone' => '19801253072',
  'admin_password' => '123456',
)
[ info ] [ RUN ] app\admin\controller\Admin->add[ C:\phpstudy\WWW\ss_calendar\application\admin\controller\Admin.php ]
[ info ] [ DB ] INIT mysql
[ info ] [ LOG ] INIT File
[ sql ] [ DB ] CONNECT:[ UseTime:0.001310s ] mysql:host=127.0.0.1;dbname=daily_manage;charset=utf8
[ error ] [10501]SQLSTATE[42S02]: Base table or view not found: 1146 Table 'daily_manage.admin' doesn't exist[C:\phpstudy\WWW\ss_calendar\thinkphp\library\think\db\Connection.php:385]
---------------------------------------------------------------
[ 2019-04-09T16:16:49+08:00 ] 127.0.0.1 POST 127.0.0.1/ss_calendar/public/index.php/admin/admin/add.html
[运行时间：0.187141s] [吞吐率：5.34req/s] [内存消耗：2,411.57kb] [文件加载：51]
[ info ] [ LANG ] C:\phpstudy\WWW\ss_calendar\thinkphp\lang\zh-cn.php
[ info ] [ ROUTE ] array (
  'type' => 'module',
  'module' => 
  array (
    0 => 'admin',
    1 => 'admin',
    2 => 'add',
  ),
)
[ info ] [ HEADER ] array (
  'host' => '127.0.0.1',
  'connection' => 'keep-alive',
  'content-length' => '361',
  'cache-control' => 'max-age=0',
  'origin' => 'http://127.0.0.1',
  'upgrade-insecure-requests' => '1',
  'content-type' => 'multipart/form-data; boundary=----WebKitFormBoundarym0FjxJZ0LZReySSj',
  'user-agent' => 'Mozilla/5.0 (Windows NT 10.0; Win64; x64) AppleWebKit/537.36 (KHTML, like Gecko) Chrome/73.0.3683.86 Safari/537.36',
  'accept' => 'text/html,application/xhtml+xml,application/xml;q=0.9,image/webp,image/apng,*/*;q=0.8,application/signed-exchange;v=b3',
  'referer' => 'http://127.0.0.1/ss_calendar/public/index.php/admin/admin/add.html',
  'accept-encoding' => 'gzip, deflate, br',
  'accept-language' => 'en-US,en;q=0.9,zh-TW;q=0.8,zh;q=0.7',
  'cookie' => 'thinkphp_show_page_trace=0|0; thinkphp_show_page_trace=0|0; PHPSESSID=7e5rct4uu2qufoopsn0gk8cda1',
)
[ info ] [ PARAM ] array (
  'admin_name' => 'will',
  'admin_phone' => '19801253072',
  'admin_password' => '123456',
)
[ info ] [ RUN ] app\admin\controller\Admin->add[ C:\phpstudy\WWW\ss_calendar\application\admin\controller\Admin.php ]
[ info ] [ DB ] INIT mysql
[ info ] [ LOG ] INIT File
[ sql ] [ DB ] CONNECT:[ UseTime:0.003507s ] mysql:host=127.0.0.1;dbname=daily_manage;charset=utf8
[ error ] [10501]SQLSTATE[42S02]: Base table or view not found: 1146 Table 'daily_manage.admin' doesn't exist[C:\phpstudy\WWW\ss_calendar\thinkphp\library\think\db\Connection.php:385]
---------------------------------------------------------------
[ 2019-04-09T16:18:18+08:00 ] 127.0.0.1 GET 127.0.0.1/ss_calendar/public/index.php/admin/admin/add.html
[运行时间：0.091667s] [吞吐率：10.91req/s] [内存消耗：1,504.38kb] [文件加载：40]
[ info ] [ LANG ] C:\phpstudy\WWW\ss_calendar\thinkphp\lang\zh-cn.php
[ info ] [ ROUTE ] array (
  'type' => 'module',
  'module' => 
  array (
    0 => 'admin',
    1 => 'admin',
    2 => 'add',
  ),
)
[ info ] [ HEADER ] array (
  'host' => '127.0.0.1',
  'connection' => 'keep-alive',
  'cache-control' => 'max-age=0',
  'upgrade-insecure-requests' => '1',
  'user-agent' => 'Mozilla/5.0 (Windows NT 10.0; Win64; x64) AppleWebKit/537.36 (KHTML, like Gecko) Chrome/73.0.3683.86 Safari/537.36',
  'accept' => 'text/html,application/xhtml+xml,application/xml;q=0.9,image/webp,image/apng,*/*;q=0.8,application/signed-exchange;v=b3',
  'referer' => 'http://127.0.0.1/ss_calendar/public/index.php/admin/admin/lst',
  'accept-encoding' => 'gzip, deflate, br',
  'accept-language' => 'en-US,en;q=0.9,zh-TW;q=0.8,zh;q=0.7',
  'cookie' => 'thinkphp_show_page_trace=0|0; thinkphp_show_page_trace=0|0; PHPSESSID=7e5rct4uu2qufoopsn0gk8cda1',
)
[ info ] [ PARAM ] array (
)
[ info ] [ RUN ] app\admin\controller\Admin->add[ C:\phpstudy\WWW\ss_calendar\application\admin\controller\Admin.php ]
[ info ] [ VIEW ] C:\phpstudy\WWW\ss_calendar\public/../application/admin\view\admin\add.html [ array (
) ]
[ info ] [ LOG ] INIT File
---------------------------------------------------------------
[ 2019-04-09T16:18:28+08:00 ] 127.0.0.1 POST 127.0.0.1/ss_calendar/public/index.php/admin/admin/add.html
[运行时间：0.124291s] [吞吐率：8.05req/s] [内存消耗：2,411.57kb] [文件加载：51]
[ info ] [ LANG ] C:\phpstudy\WWW\ss_calendar\thinkphp\lang\zh-cn.php
[ info ] [ ROUTE ] array (
  'type' => 'module',
  'module' => 
  array (
    0 => 'admin',
    1 => 'admin',
    2 => 'add',
  ),
)
[ info ] [ HEADER ] array (
  'host' => '127.0.0.1',
  'connection' => 'keep-alive',
  'content-length' => '361',
  'cache-control' => 'max-age=0',
  'origin' => 'http://127.0.0.1',
  'upgrade-insecure-requests' => '1',
  'content-type' => 'multipart/form-data; boundary=----WebKitFormBoundaryqE9oP32GLu1d0Fhv',
  'user-agent' => 'Mozilla/5.0 (Windows NT 10.0; Win64; x64) AppleWebKit/537.36 (KHTML, like Gecko) Chrome/73.0.3683.86 Safari/537.36',
  'accept' => 'text/html,application/xhtml+xml,application/xml;q=0.9,image/webp,image/apng,*/*;q=0.8,application/signed-exchange;v=b3',
  'referer' => 'http://127.0.0.1/ss_calendar/public/index.php/admin/admin/add.html',
  'accept-encoding' => 'gzip, deflate, br',
  'accept-language' => 'en-US,en;q=0.9,zh-TW;q=0.8,zh;q=0.7',
  'cookie' => 'thinkphp_show_page_trace=0|0; thinkphp_show_page_trace=0|0; PHPSESSID=7e5rct4uu2qufoopsn0gk8cda1',
)
[ info ] [ PARAM ] array (
  'admin_name' => 'will',
  'admin_phone' => '11111111111',
  'admin_password' => '123456',
)
[ info ] [ RUN ] app\admin\controller\Admin->add[ C:\phpstudy\WWW\ss_calendar\application\admin\controller\Admin.php ]
[ info ] [ DB ] INIT mysql
[ info ] [ LOG ] INIT File
[ sql ] [ DB ] CONNECT:[ UseTime:0.001075s ] mysql:host=127.0.0.1;dbname=daily_manage;charset=utf8
[ error ] [10501]SQLSTATE[42S02]: Base table or view not found: 1146 Table 'daily_manage.admin' doesn't exist[C:\phpstudy\WWW\ss_calendar\thinkphp\library\think\db\Connection.php:385]
---------------------------------------------------------------
[ 2019-04-09T16:23:34+08:00 ] 127.0.0.1 GET 127.0.0.1/ss_calendar/public/index.php/admin/admin/add.html
[运行时间：0.615545s] [吞吐率：1.62req/s] [内存消耗：1,504.39kb] [文件加载：40]
[ info ] [ LANG ] C:\phpstudy\WWW\ss_calendar\thinkphp\lang\zh-cn.php
[ info ] [ ROUTE ] array (
  'type' => 'module',
  'module' => 
  array (
    0 => 'admin',
    1 => 'admin',
    2 => 'add',
  ),
)
[ info ] [ HEADER ] array (
  'host' => '127.0.0.1',
  'connection' => 'keep-alive',
  'cache-control' => 'max-age=0',
  'upgrade-insecure-requests' => '1',
  'user-agent' => 'Mozilla/5.0 (Windows NT 10.0; Win64; x64) AppleWebKit/537.36 (KHTML, like Gecko) Chrome/73.0.3683.86 Safari/537.36',
  'accept' => 'text/html,application/xhtml+xml,application/xml;q=0.9,image/webp,image/apng,*/*;q=0.8,application/signed-exchange;v=b3',
  'referer' => 'http://127.0.0.1/ss_calendar/public/index.php/admin/admin/lst',
  'accept-encoding' => 'gzip, deflate, br',
  'accept-language' => 'en-US,en;q=0.9,zh-TW;q=0.8,zh;q=0.7',
  'cookie' => 'thinkphp_show_page_trace=0|0; thinkphp_show_page_trace=0|0; PHPSESSID=7e5rct4uu2qufoopsn0gk8cda1',
)
[ info ] [ PARAM ] array (
)
[ info ] [ RUN ] app\admin\controller\Admin->add[ C:\phpstudy\WWW\ss_calendar\application\admin\controller\Admin.php ]
[ info ] [ VIEW ] C:\phpstudy\WWW\ss_calendar\public/../application/admin\view\admin\add.html [ array (
) ]
[ info ] [ LOG ] INIT File
---------------------------------------------------------------
[ 2019-04-09T16:23:45+08:00 ] 127.0.0.1 POST 127.0.0.1/ss_calendar/public/index.php/admin/admin/add.html
[运行时间：1.709927s] [吞吐率：0.58req/s] [内存消耗：2,411.67kb] [文件加载：51]
[ info ] [ LANG ] C:\phpstudy\WWW\ss_calendar\thinkphp\lang\zh-cn.php
[ info ] [ ROUTE ] array (
  'type' => 'module',
  'module' => 
  array (
    0 => 'admin',
    1 => 'admin',
    2 => 'add',
  ),
)
[ info ] [ HEADER ] array (
  'host' => '127.0.0.1',
  'connection' => 'keep-alive',
  'content-length' => '376',
  'cache-control' => 'max-age=0',
  'origin' => 'http://127.0.0.1',
  'upgrade-insecure-requests' => '1',
  'content-type' => 'multipart/form-data; boundary=----WebKitFormBoundaryZNXJiXPUvoTiR59s',
  'user-agent' => 'Mozilla/5.0 (Windows NT 10.0; Win64; x64) AppleWebKit/537.36 (KHTML, like Gecko) Chrome/73.0.3683.86 Safari/537.36',
  'accept' => 'text/html,application/xhtml+xml,application/xml;q=0.9,image/webp,image/apng,*/*;q=0.8,application/signed-exchange;v=b3',
  'referer' => 'http://127.0.0.1/ss_calendar/public/index.php/admin/admin/add.html',
  'accept-encoding' => 'gzip, deflate, br',
  'accept-language' => 'en-US,en;q=0.9,zh-TW;q=0.8,zh;q=0.7',
  'cookie' => 'thinkphp_show_page_trace=0|0; thinkphp_show_page_trace=0|0; PHPSESSID=7e5rct4uu2qufoopsn0gk8cda1',
)
[ info ] [ PARAM ] array (
  'admin_name' => 'fvfvsdvsdfv',
  'admin_phone' => '11111111111',
  'admin_password' => 'fdsfdsfdsfdsds',
)
[ info ] [ RUN ] app\admin\controller\Admin->add[ C:\phpstudy\WWW\ss_calendar\application\admin\controller\Admin.php ]
[ info ] [ DB ] INIT mysql
[ info ] [ LOG ] INIT File
[ sql ] [ DB ] CONNECT:[ UseTime:0.013539s ] mysql:host=127.0.0.1;dbname=daily_manage;charset=utf8
[ error ] [10501]SQLSTATE[42S02]: Base table or view not found: 1146 Table 'daily_manage.admin' doesn't exist[C:\phpstudy\WWW\ss_calendar\thinkphp\library\think\db\Connection.php:385]
---------------------------------------------------------------
[ 2019-04-09T16:25:52+08:00 ] 127.0.0.1 POST 127.0.0.1/ss_calendar/public/index.php/admin/admin/add.html
[运行时间：0.754835s] [吞吐率：1.32req/s] [内存消耗：2,411.67kb] [文件加载：51]
[ info ] [ LANG ] C:\phpstudy\WWW\ss_calendar\thinkphp\lang\zh-cn.php
[ info ] [ ROUTE ] array (
  'type' => 'module',
  'module' => 
  array (
    0 => 'admin',
    1 => 'admin',
    2 => 'add',
  ),
)
[ info ] [ HEADER ] array (
  'host' => '127.0.0.1',
  'connection' => 'keep-alive',
  'content-length' => '376',
  'cache-control' => 'max-age=0',
  'origin' => 'http://127.0.0.1',
  'upgrade-insecure-requests' => '1',
  'content-type' => 'multipart/form-data; boundary=----WebKitFormBoundaryAU8bIruXGdvJS7gQ',
  'user-agent' => 'Mozilla/5.0 (Windows NT 10.0; Win64; x64) AppleWebKit/537.36 (KHTML, like Gecko) Chrome/73.0.3683.86 Safari/537.36',
  'accept' => 'text/html,application/xhtml+xml,application/xml;q=0.9,image/webp,image/apng,*/*;q=0.8,application/signed-exchange;v=b3',
  'referer' => 'http://127.0.0.1/ss_calendar/public/index.php/admin/admin/add.html',
  'accept-encoding' => 'gzip, deflate, br',
  'accept-language' => 'en-US,en;q=0.9,zh-TW;q=0.8,zh;q=0.7',
  'cookie' => 'thinkphp_show_page_trace=0|0; thinkphp_show_page_trace=0|0; PHPSESSID=7e5rct4uu2qufoopsn0gk8cda1',
)
[ info ] [ PARAM ] array (
  'admin_name' => 'fvfvsdvsdfv',
  'admin_phone' => '11111111111',
  'admin_password' => 'fdsfdsfdsfdsds',
)
[ info ] [ RUN ] app\admin\controller\Admin->add[ C:\phpstudy\WWW\ss_calendar\application\admin\controller\Admin.php ]
[ info ] [ DB ] INIT mysql
[ info ] [ LOG ] INIT File
[ sql ] [ DB ] CONNECT:[ UseTime:0.004088s ] mysql:host=127.0.0.1;dbname=daily_manage;charset=utf8
[ error ] [10501]SQLSTATE[42S02]: Base table or view not found: 1146 Table 'daily_manage.admin' doesn't exist[C:\phpstudy\WWW\ss_calendar\thinkphp\library\think\db\Connection.php:385]
---------------------------------------------------------------
[ 2019-04-09T16:27:09+08:00 ] 127.0.0.1 POST 127.0.0.1/ss_calendar/public/index.php/admin/admin/add.html
[运行时间：1.802271s] [吞吐率：0.55req/s] [内存消耗：2,393.97kb] [文件加载：48]
[ info ] [ LANG ] C:\phpstudy\WWW\ss_calendar\thinkphp\lang\zh-cn.php
[ info ] [ ROUTE ] array (
  'type' => 'module',
  'module' => 
  array (
    0 => 'admin',
    1 => 'admin',
    2 => 'add',
  ),
)
[ info ] [ HEADER ] array (
  'host' => '127.0.0.1',
  'connection' => 'keep-alive',
  'content-length' => '376',
  'cache-control' => 'max-age=0',
  'origin' => 'http://127.0.0.1',
  'upgrade-insecure-requests' => '1',
  'content-type' => 'multipart/form-data; boundary=----WebKitFormBoundarykmvSEdOBdGCJJaol',
  'user-agent' => 'Mozilla/5.0 (Windows NT 10.0; Win64; x64) AppleWebKit/537.36 (KHTML, like Gecko) Chrome/73.0.3683.86 Safari/537.36',
  'accept' => 'text/html,application/xhtml+xml,application/xml;q=0.9,image/webp,image/apng,*/*;q=0.8,application/signed-exchange;v=b3',
  'referer' => 'http://127.0.0.1/ss_calendar/public/index.php/admin/admin/add.html',
  'accept-encoding' => 'gzip, deflate, br',
  'accept-language' => 'en-US,en;q=0.9,zh-TW;q=0.8,zh;q=0.7',
  'cookie' => 'thinkphp_show_page_trace=0|0; thinkphp_show_page_trace=0|0; PHPSESSID=7e5rct4uu2qufoopsn0gk8cda1',
)
[ info ] [ PARAM ] array (
  'admin_name' => 'fvfvsdvsdfv',
  'admin_phone' => '11111111111',
  'admin_password' => 'fdsfdsfdsfdsds',
)
[ info ] [ RUN ] app\admin\controller\Admin->add[ C:\phpstudy\WWW\ss_calendar\application\admin\controller\Admin.php ]
[ info ] [ DB ] INIT mysql
[ info ] [ VIEW ] C:\phpstudy\WWW\ss_calendar\thinkphp\tpl\dispatch_jump.tpl [ array (
  0 => 'code',
  1 => 'msg',
  2 => 'data',
  3 => 'url',
  4 => 'wait',
) ]
[ info ] [ LOG ] INIT File
[ sql ] [ DB ] CONNECT:[ UseTime:0.049294s ] mysql:host=127.0.0.1;dbname=daily_manage;charset=utf8
[ sql ] [ SQL ] SHOW COLUMNS FROM `manage_info` [ RunTime:0.700823s ]
[ sql ] [ SQL ] INSERT INTO `manage_info` (`username` , `telephone` , `password`) VALUES ('fvfvsdvsdfv' , '11111111111' , 'fdsfdsfdsfdsds') [ RunTime:0.039823s ]
---------------------------------------------------------------
[ 2019-04-09T16:27:12+08:00 ] 127.0.0.1 GET 127.0.0.1/ss_calendar/public/index.php/admin/admin/lst.html
[运行时间：0.108041s] [吞吐率：9.26req/s] [内存消耗：1,656.00kb] [文件加载：42]
[ info ] [ LANG ] C:\phpstudy\WWW\ss_calendar\thinkphp\lang\zh-cn.php
[ info ] [ ROUTE ] array (
  'type' => 'module',
  'module' => 
  array (
    0 => 'admin',
    1 => 'admin',
    2 => 'lst',
  ),
)
[ info ] [ HEADER ] array (
  'host' => '127.0.0.1',
  'connection' => 'keep-alive',
  'upgrade-insecure-requests' => '1',
  'user-agent' => 'Mozilla/5.0 (Windows NT 10.0; Win64; x64) AppleWebKit/537.36 (KHTML, like Gecko) Chrome/73.0.3683.86 Safari/537.36',
  'accept' => 'text/html,application/xhtml+xml,application/xml;q=0.9,image/webp,image/apng,*/*;q=0.8,application/signed-exchange;v=b3',
  'referer' => 'http://127.0.0.1/ss_calendar/public/index.php/admin/admin/add.html',
  'accept-encoding' => 'gzip, deflate, br',
  'accept-language' => 'en-US,en;q=0.9,zh-TW;q=0.8,zh;q=0.7',
  'cookie' => 'thinkphp_show_page_trace=0|0; thinkphp_show_page_trace=0|0; PHPSESSID=7e5rct4uu2qufoopsn0gk8cda1',
)
[ info ] [ PARAM ] array (
)
[ info ] [ RUN ] app\admin\controller\Admin->lst[ C:\phpstudy\WWW\ss_calendar\application\admin\controller\Admin.php ]
[ info ] [ VIEW ] C:\phpstudy\WWW\ss_calendar\public/../application/admin\view\admin\lst.html [ array (
) ]
[ info ] [ LOG ] INIT File
---------------------------------------------------------------
[ 2019-04-09T16:28:27+08:00 ] 127.0.0.1 GET 127.0.0.1/ss_calendar/public/index.php/admin/admin/add.html
[运行时间：0.529730s] [吞吐率：1.89req/s] [内存消耗：1,504.17kb] [文件加载：40]
[ info ] [ LANG ] C:\phpstudy\WWW\ss_calendar\thinkphp\lang\zh-cn.php
[ info ] [ ROUTE ] array (
  'type' => 'module',
  'module' => 
  array (
    0 => 'admin',
    1 => 'admin',
    2 => 'add',
  ),
)
[ info ] [ HEADER ] array (
  'host' => '127.0.0.1',
  'connection' => 'keep-alive',
  'upgrade-insecure-requests' => '1',
  'user-agent' => 'Mozilla/5.0 (Windows NT 10.0; Win64; x64) AppleWebKit/537.36 (KHTML, like Gecko) Chrome/73.0.3683.86 Safari/537.36',
  'accept' => 'text/html,application/xhtml+xml,application/xml;q=0.9,image/webp,image/apng,*/*;q=0.8,application/signed-exchange;v=b3',
  'referer' => 'http://127.0.0.1/ss_calendar/public/index.php/admin/admin/lst.html',
  'accept-encoding' => 'gzip, deflate, br',
  'accept-language' => 'en-US,en;q=0.9,zh-TW;q=0.8,zh;q=0.7',
  'cookie' => 'thinkphp_show_page_trace=0|0; thinkphp_show_page_trace=0|0; PHPSESSID=7e5rct4uu2qufoopsn0gk8cda1',
)
[ info ] [ PARAM ] array (
)
[ info ] [ RUN ] app\admin\controller\Admin->add[ C:\phpstudy\WWW\ss_calendar\application\admin\controller\Admin.php ]
[ info ] [ VIEW ] C:\phpstudy\WWW\ss_calendar\public/../application/admin\view\admin\add.html [ array (
) ]
[ info ] [ LOG ] INIT File
---------------------------------------------------------------
[ 2019-04-09T16:28:39+08:00 ] 127.0.0.1 POST 127.0.0.1/ss_calendar/public/index.php/admin/admin/add.html
[运行时间：0.389646s] [吞吐率：2.57req/s] [内存消耗：2,411.63kb] [文件加载：51]
[ info ] [ LANG ] C:\phpstudy\WWW\ss_calendar\thinkphp\lang\zh-cn.php
[ info ] [ ROUTE ] array (
  'type' => 'module',
  'module' => 
  array (
    0 => 'admin',
    1 => 'admin',
    2 => 'add',
  ),
)
[ info ] [ HEADER ] array (
  'host' => '127.0.0.1',
  'connection' => 'keep-alive',
  'content-length' => '373',
  'cache-control' => 'max-age=0',
  'origin' => 'http://127.0.0.1',
  'upgrade-insecure-requests' => '1',
  'content-type' => 'multipart/form-data; boundary=----WebKitFormBoundarypHOTPKsd6dVuEFSo',
  'user-agent' => 'Mozilla/5.0 (Windows NT 10.0; Win64; x64) AppleWebKit/537.36 (KHTML, like Gecko) Chrome/73.0.3683.86 Safari/537.36',
  'accept' => 'text/html,application/xhtml+xml,application/xml;q=0.9,image/webp,image/apng,*/*;q=0.8,application/signed-exchange;v=b3',
  'referer' => 'http://127.0.0.1/ss_calendar/public/index.php/admin/admin/add.html',
  'accept-encoding' => 'gzip, deflate, br',
  'accept-language' => 'en-US,en;q=0.9,zh-TW;q=0.8,zh;q=0.7',
  'cookie' => 'thinkphp_show_page_trace=0|0; thinkphp_show_page_trace=0|0; PHPSESSID=7e5rct4uu2qufoopsn0gk8cda1',
)
[ info ] [ PARAM ] array (
  'admin_name' => 'gdsfdsf',
  'admin_phone' => '098826655411',
  'admin_password' => 'fdsfdsfdsfdsds',
)
[ info ] [ RUN ] app\admin\controller\Admin->add[ C:\phpstudy\WWW\ss_calendar\application\admin\controller\Admin.php ]
[ info ] [ DB ] INIT mysql
[ info ] [ LOG ] INIT File
[ sql ] [ DB ] CONNECT:[ UseTime:0.000894s ] mysql:host=127.0.0.1;dbname=daily_manage;charset=utf8
[ error ] [10501]SQLSTATE[42S02]: Base table or view not found: 1146 Table 'daily_manage.admin' doesn't exist[C:\phpstudy\WWW\ss_calendar\thinkphp\library\think\db\Connection.php:385]
---------------------------------------------------------------
[ 2019-04-09T16:30:09+08:00 ] 127.0.0.1 POST 127.0.0.1/ss_calendar/public/index.php/admin/admin/add.html
[运行时间：0.189358s] [吞吐率：5.28req/s] [内存消耗：2,411.77kb] [文件加载：51]
[ info ] [ LANG ] C:\phpstudy\WWW\ss_calendar\thinkphp\lang\zh-cn.php
[ info ] [ ROUTE ] array (
  'type' => 'module',
  'module' => 
  array (
    0 => 'admin',
    1 => 'admin',
    2 => 'add',
  ),
)
[ info ] [ HEADER ] array (
  'host' => '127.0.0.1',
  'connection' => 'keep-alive',
  'content-length' => '373',
  'cache-control' => 'max-age=0',
  'origin' => 'http://127.0.0.1',
  'upgrade-insecure-requests' => '1',
  'content-type' => 'multipart/form-data; boundary=----WebKitFormBoundaryElY2nQPVHuKQ0fsF',
  'user-agent' => 'Mozilla/5.0 (Windows NT 10.0; Win64; x64) AppleWebKit/537.36 (KHTML, like Gecko) Chrome/73.0.3683.86 Safari/537.36',
  'accept' => 'text/html,application/xhtml+xml,application/xml;q=0.9,image/webp,image/apng,*/*;q=0.8,application/signed-exchange;v=b3',
  'referer' => 'http://127.0.0.1/ss_calendar/public/index.php/admin/admin/add.html',
  'accept-encoding' => 'gzip, deflate, br',
  'accept-language' => 'en-US,en;q=0.9,zh-TW;q=0.8,zh;q=0.7',
  'cookie' => 'thinkphp_show_page_trace=0|0; thinkphp_show_page_trace=0|0; PHPSESSID=7e5rct4uu2qufoopsn0gk8cda1',
)
[ info ] [ PARAM ] array (
  'admin_name' => 'gdsfdsf',
  'admin_phone' => '098826655411',
  'admin_password' => 'fdsfdsfdsfdsds',
)
[ info ] [ RUN ] app\admin\controller\Admin->add[ C:\phpstudy\WWW\ss_calendar\application\admin\controller\Admin.php ]
[ info ] [ DB ] INIT mysql
[ info ] [ LOG ] INIT File
[ sql ] [ DB ] CONNECT:[ UseTime:0.013083s ] mysql:host=127.0.0.1;dbname=daily_manage;charset=utf8
[ error ] [10501]SQLSTATE[42S02]: Base table or view not found: 1146 Table 'daily_manage.admin' doesn't exist[C:\phpstudy\WWW\ss_calendar\thinkphp\library\think\db\Connection.php:385]
---------------------------------------------------------------
[ 2019-04-09T16:30:15+08:00 ] 127.0.0.1 GET 127.0.0.1/ss_calendar/public/index.php/admin/admin/add.html
[运行时间：0.085520s] [吞吐率：11.69req/s] [内存消耗：1,504.68kb] [文件加载：40]
[ info ] [ LANG ] C:\phpstudy\WWW\ss_calendar\thinkphp\lang\zh-cn.php
[ info ] [ ROUTE ] array (
  'type' => 'module',
  'module' => 
  array (
    0 => 'admin',
    1 => 'admin',
    2 => 'add',
  ),
)
[ info ] [ HEADER ] array (
  'host' => '127.0.0.1',
  'connection' => 'keep-alive',
  'cache-control' => 'max-age=0',
  'upgrade-insecure-requests' => '1',
  'user-agent' => 'Mozilla/5.0 (Windows NT 10.0; Win64; x64) AppleWebKit/537.36 (KHTML, like Gecko) Chrome/73.0.3683.86 Safari/537.36',
  'accept' => 'text/html,application/xhtml+xml,application/xml;q=0.9,image/webp,image/apng,*/*;q=0.8,application/signed-exchange;v=b3',
  'referer' => 'http://127.0.0.1/ss_calendar/public/index.php/admin/admin/lst.html',
  'accept-encoding' => 'gzip, deflate, br',
  'accept-language' => 'en-US,en;q=0.9,zh-TW;q=0.8,zh;q=0.7',
  'cookie' => 'thinkphp_show_page_trace=0|0; thinkphp_show_page_trace=0|0; PHPSESSID=7e5rct4uu2qufoopsn0gk8cda1',
)
[ info ] [ PARAM ] array (
)
[ info ] [ RUN ] app\admin\controller\Admin->add[ C:\phpstudy\WWW\ss_calendar\application\admin\controller\Admin.php ]
[ info ] [ VIEW ] C:\phpstudy\WWW\ss_calendar\public/../application/admin\view\admin\add.html [ array (
) ]
[ info ] [ LOG ] INIT File
---------------------------------------------------------------
[ 2019-04-09T16:30:23+08:00 ] 127.0.0.1 POST 127.0.0.1/ss_calendar/public/index.php/admin/admin/add.html
[运行时间：0.663130s] [吞吐率：1.51req/s] [内存消耗：2,411.79kb] [文件加载：51]
[ info ] [ LANG ] C:\phpstudy\WWW\ss_calendar\thinkphp\lang\zh-cn.php
[ info ] [ ROUTE ] array (
  'type' => 'module',
  'module' => 
  array (
    0 => 'admin',
    1 => 'admin',
    2 => 'add',
  ),
)
[ info ] [ HEADER ] array (
  'host' => '127.0.0.1',
  'connection' => 'keep-alive',
  'content-length' => '383',
  'cache-control' => 'max-age=0',
  'origin' => 'http://127.0.0.1',
  'upgrade-insecure-requests' => '1',
  'content-type' => 'multipart/form-data; boundary=----WebKitFormBoundarygWRx3w9t5JmA6lxI',
  'user-agent' => 'Mozilla/5.0 (Windows NT 10.0; Win64; x64) AppleWebKit/537.36 (KHTML, like Gecko) Chrome/73.0.3683.86 Safari/537.36',
  'accept' => 'text/html,application/xhtml+xml,application/xml;q=0.9,image/webp,image/apng,*/*;q=0.8,application/signed-exchange;v=b3',
  'referer' => 'http://127.0.0.1/ss_calendar/public/index.php/admin/admin/add.html',
  'accept-encoding' => 'gzip, deflate, br',
  'accept-language' => 'en-US,en;q=0.9,zh-TW;q=0.8,zh;q=0.7',
  'cookie' => 'thinkphp_show_page_trace=0|0; thinkphp_show_page_trace=0|0; PHPSESSID=7e5rct4uu2qufoopsn0gk8cda1',
)
[ info ] [ PARAM ] array (
  'admin_name' => 'fgsdfgdgdsvcxbfxc',
  'admin_phone' => '11111111111',
  'admin_password' => 'bgdbvcxbvxbvcbd',
)
[ info ] [ RUN ] app\admin\controller\Admin->add[ C:\phpstudy\WWW\ss_calendar\application\admin\controller\Admin.php ]
[ info ] [ DB ] INIT mysql
[ info ] [ LOG ] INIT File
[ sql ] [ DB ] CONNECT:[ UseTime:0.001810s ] mysql:host=127.0.0.1;dbname=daily_manage;charset=utf8
[ error ] [10501]SQLSTATE[42S02]: Base table or view not found: 1146 Table 'daily_manage.admin' doesn't exist[C:\phpstudy\WWW\ss_calendar\thinkphp\library\think\db\Connection.php:385]
---------------------------------------------------------------
[ 2019-04-09T16:30:57+08:00 ] 127.0.0.1 POST 127.0.0.1/ss_calendar/public/index.php/admin/admin/add.html
[运行时间：0.733189s] [吞吐率：1.36req/s] [内存消耗：2,443.55kb] [文件加载：48]
[ info ] [ LANG ] C:\phpstudy\WWW\ss_calendar\thinkphp\lang\zh-cn.php
[ info ] [ ROUTE ] array (
  'type' => 'module',
  'module' => 
  array (
    0 => 'admin',
    1 => 'admin',
    2 => 'add',
  ),
)
[ info ] [ HEADER ] array (
  'host' => '127.0.0.1',
  'connection' => 'keep-alive',
  'content-length' => '383',
  'cache-control' => 'max-age=0',
  'origin' => 'http://127.0.0.1',
  'upgrade-insecure-requests' => '1',
  'content-type' => 'multipart/form-data; boundary=----WebKitFormBoundaryzLVyD6MmxLthH11Q',
  'user-agent' => 'Mozilla/5.0 (Windows NT 10.0; Win64; x64) AppleWebKit/537.36 (KHTML, like Gecko) Chrome/73.0.3683.86 Safari/537.36',
  'accept' => 'text/html,application/xhtml+xml,application/xml;q=0.9,image/webp,image/apng,*/*;q=0.8,application/signed-exchange;v=b3',
  'referer' => 'http://127.0.0.1/ss_calendar/public/index.php/admin/admin/add.html',
  'accept-encoding' => 'gzip, deflate, br',
  'accept-language' => 'en-US,en;q=0.9,zh-TW;q=0.8,zh;q=0.7',
  'cookie' => 'thinkphp_show_page_trace=0|0; thinkphp_show_page_trace=0|0; PHPSESSID=7e5rct4uu2qufoopsn0gk8cda1',
)
[ info ] [ PARAM ] array (
  'admin_name' => 'fgsdfgdgdsvcxbfxc',
  'admin_phone' => '11111111111',
  'admin_password' => 'bgdbvcxbvxbvcbd',
)
[ info ] [ RUN ] app\admin\controller\Admin->add[ C:\phpstudy\WWW\ss_calendar\application\admin\controller\Admin.php ]
[ info ] [ DB ] INIT mysql
[ info ] [ VIEW ] C:\phpstudy\WWW\ss_calendar\thinkphp\tpl\dispatch_jump.tpl [ array (
  0 => 'code',
  1 => 'msg',
  2 => 'data',
  3 => 'url',
  4 => 'wait',
) ]
[ info ] [ LOG ] INIT File
[ sql ] [ DB ] CONNECT:[ UseTime:0.000952s ] mysql:host=127.0.0.1;dbname=daily_manage;charset=utf8
[ sql ] [ SQL ] SHOW COLUMNS FROM `manage_info` [ RunTime:0.026598s ]
[ sql ] [ SQL ] INSERT INTO `manage_info` (`username` , `telephone` , `password`) VALUES ('fgsdfgdgdsvcxbfxc' , '11111111111' , '9d59a661d98a53d84d00125898ab7ca6') [ RunTime:0.025729s ]
---------------------------------------------------------------
[ 2019-04-09T16:31:00+08:00 ] 127.0.0.1 GET 127.0.0.1/ss_calendar/public/index.php/admin/admin/lst.html
[运行时间：0.070611s] [吞吐率：14.16req/s] [内存消耗：1,504.34kb] [文件加载：40]
[ info ] [ LANG ] C:\phpstudy\WWW\ss_calendar\thinkphp\lang\zh-cn.php
[ info ] [ ROUTE ] array (
  'type' => 'module',
  'module' => 
  array (
    0 => 'admin',
    1 => 'admin',
    2 => 'lst',
  ),
)
[ info ] [ HEADER ] array (
  'host' => '127.0.0.1',
  'connection' => 'keep-alive',
  'upgrade-insecure-requests' => '1',
  'user-agent' => 'Mozilla/5.0 (Windows NT 10.0; Win64; x64) AppleWebKit/537.36 (KHTML, like Gecko) Chrome/73.0.3683.86 Safari/537.36',
  'accept' => 'text/html,application/xhtml+xml,application/xml;q=0.9,image/webp,image/apng,*/*;q=0.8,application/signed-exchange;v=b3',
  'referer' => 'http://127.0.0.1/ss_calendar/public/index.php/admin/admin/add.html',
  'accept-encoding' => 'gzip, deflate, br',
  'accept-language' => 'en-US,en;q=0.9,zh-TW;q=0.8,zh;q=0.7',
  'cookie' => 'thinkphp_show_page_trace=0|0; thinkphp_show_page_trace=0|0; PHPSESSID=7e5rct4uu2qufoopsn0gk8cda1',
)
[ info ] [ PARAM ] array (
)
[ info ] [ RUN ] app\admin\controller\Admin->lst[ C:\phpstudy\WWW\ss_calendar\application\admin\controller\Admin.php ]
[ info ] [ VIEW ] C:\phpstudy\WWW\ss_calendar\public/../application/admin\view\admin\lst.html [ array (
) ]
[ info ] [ LOG ] INIT File
